<?xml version="1.0" encoding="UTF-8"?>
<!-- Generated by org.testng.reporters.JUnitXMLReporter -->
<testsuite hostname="DIN16002375" ignored="0" name="Default test" tests="3" failures="0" timestamp="16 Jan 2019 14:47:18 GMT" time="79.008" errors="0">
  <testcase name="LoginPageTitleTest" time="0.04" classname="com.crm.qa.testcases.LoginPageTest"/>
  <testcase name="LogoImgTest" time="0.101" classname="com.crm.qa.testcases.LoginPageTest"/>
  <testcase name="LoginTest" time="20.508" classname="com.crm.qa.testcases.LoginPageTest"/>
</testsuite> <!-- Default test -->
