<?xml version="1.0" encoding="UTF-8"?>
<!-- Generated by org.testng.reporters.JUnitXMLReporter -->
<testsuite hostname="deepak-PC" ignored="0" name="Default test" tests="3" failures="0" timestamp="05 Nov 2018 04:34:45 GMT" time="54.037" errors="0">
  <testcase name="LoginPageTitleTest" time="0.019" classname="com.crm.qa.testcases.LoginPageTest"/>
  <testcase name="LogoimgTest" time="0.043" classname="com.crm.qa.testcases.LoginPageTest"/>
  <testcase name="LoginTest" time="19.134" classname="com.crm.qa.testcases.LoginPageTest"/>
</testsuite> <!-- Default test -->
