<?xml version="1.0" encoding="UTF-8"?>
<testng-results skipped="0" failed="0" ignored="0" total="1" passed="1">
  <reporter-output>
  </reporter-output>
  <suite name="Default suite" duration-ms="48022" started-at="2019-02-15T10:09:45Z" finished-at="2019-02-15T10:10:33Z">
    <groups>
    </groups>
    <test name="Default test" duration-ms="48022" started-at="2019-02-15T10:09:45Z" finished-at="2019-02-15T10:10:33Z">
      <class name="com.crm.qa.testcases.HomePageTest">
        <test-method status="PASS" signature="setUp()[pri:0, instance:com.crm.qa.testcases.HomePageTest@1e88b3c]" name="setUp" is-config="true" duration-ms="45072" started-at="2019-02-15T10:09:45Z" finished-at="2019-02-15T10:10:31Z">
          <reporter-output>
          </reporter-output>
        </test-method> <!-- setUp -->
        <test-method status="PASS" signature="verifyContactslinkTest()[pri:3, instance:com.crm.qa.testcases.HomePageTest@1e88b3c]" name="verifyContactslinkTest" duration-ms="2186" started-at="2019-02-15T10:10:31Z" finished-at="2019-02-15T10:10:33Z">
          <reporter-output>
          </reporter-output>
        </test-method> <!-- verifyContactslinkTest -->
        <test-method status="PASS" signature="tearDown()[pri:0, instance:com.crm.qa.testcases.HomePageTest@1e88b3c]" name="tearDown" is-config="true" duration-ms="719" started-at="2019-02-15T10:10:33Z" finished-at="2019-02-15T10:10:33Z">
          <reporter-output>
          </reporter-output>
        </test-method> <!-- tearDown -->
      </class> <!-- com.crm.qa.testcases.HomePageTest -->
    </test> <!-- Default test -->
  </suite> <!-- Default suite -->
</testng-results>
