<?xml version="1.0" encoding="UTF-8"?>
<testng-results skipped="0" failed="0" ignored="0" total="3" passed="3">
  <reporter-output>
  </reporter-output>
  <suite name="Default suite" duration-ms="54037" started-at="2018-11-05T04:33:50Z" finished-at="2018-11-05T04:34:45Z">
    <groups>
    </groups>
    <test name="Default test" duration-ms="54037" started-at="2018-11-05T04:33:50Z" finished-at="2018-11-05T04:34:45Z">
      <class name="com.crm.qa.testcases.LoginPageTest">
        <test-method status="PASS" signature="setUp()[pri:0, instance:com.crm.qa.testcases.LoginPageTest@d56d67]" name="setUp" is-config="true" duration-ms="15947" started-at="2018-11-05T04:33:51Z" finished-at="2018-11-05T04:34:06Z">
          <reporter-output>
          </reporter-output>
        </test-method> <!-- setUp -->
        <test-method status="PASS" signature="LoginPageTitleTest()[pri:1, instance:com.crm.qa.testcases.LoginPageTest@d56d67]" name="LoginPageTitleTest" duration-ms="19" started-at="2018-11-05T04:34:06Z" finished-at="2018-11-05T04:34:06Z">
          <reporter-output>
          </reporter-output>
        </test-method> <!-- LoginPageTitleTest -->
        <test-method status="PASS" signature="tearDown()[pri:0, instance:com.crm.qa.testcases.LoginPageTest@d56d67]" name="tearDown" is-config="true" duration-ms="884" started-at="2018-11-05T04:34:06Z" finished-at="2018-11-05T04:34:07Z">
          <reporter-output>
          </reporter-output>
        </test-method> <!-- tearDown -->
        <test-method status="PASS" signature="setUp()[pri:0, instance:com.crm.qa.testcases.LoginPageTest@d56d67]" name="setUp" is-config="true" duration-ms="8436" started-at="2018-11-05T04:34:07Z" finished-at="2018-11-05T04:34:16Z">
          <reporter-output>
          </reporter-output>
        </test-method> <!-- setUp -->
        <test-method status="PASS" signature="LogoimgTest()[pri:2, instance:com.crm.qa.testcases.LoginPageTest@d56d67]" name="LogoimgTest" duration-ms="43" started-at="2018-11-05T04:34:16Z" finished-at="2018-11-05T04:34:16Z">
          <reporter-output>
          </reporter-output>
        </test-method> <!-- LogoimgTest -->
        <test-method status="PASS" signature="tearDown()[pri:0, instance:com.crm.qa.testcases.LoginPageTest@d56d67]" name="tearDown" is-config="true" duration-ms="800" started-at="2018-11-05T04:34:16Z" finished-at="2018-11-05T04:34:17Z">
          <reporter-output>
          </reporter-output>
        </test-method> <!-- tearDown -->
        <test-method status="PASS" signature="setUp()[pri:0, instance:com.crm.qa.testcases.LoginPageTest@d56d67]" name="setUp" is-config="true" duration-ms="7974" started-at="2018-11-05T04:34:17Z" finished-at="2018-11-05T04:34:25Z">
          <reporter-output>
          </reporter-output>
        </test-method> <!-- setUp -->
        <test-method status="PASS" signature="LoginTest()[pri:3, instance:com.crm.qa.testcases.LoginPageTest@d56d67]" name="LoginTest" duration-ms="19134" started-at="2018-11-05T04:34:25Z" finished-at="2018-11-05T04:34:44Z">
          <reporter-output>
          </reporter-output>
        </test-method> <!-- LoginTest -->
        <test-method status="PASS" signature="tearDown()[pri:0, instance:com.crm.qa.testcases.LoginPageTest@d56d67]" name="tearDown" is-config="true" duration-ms="768" started-at="2018-11-05T04:34:44Z" finished-at="2018-11-05T04:34:45Z">
          <reporter-output>
          </reporter-output>
        </test-method> <!-- tearDown -->
      </class> <!-- com.crm.qa.testcases.LoginPageTest -->
    </test> <!-- Default test -->
  </suite> <!-- Default suite -->
</testng-results>
